<?xml version="1.0" encoding="UTF-8"?>
<!-- Generated by org.testng.reporters.JUnitXMLReporter -->
<testsuite hostname="HYDLRAP000102" name="Testfor groups" tests="3" failures="0" timestamp="31 Dec 2019 05:43:58 GMT" time="0.02" errors="0">
  <testcase name="test10" time="0.007" classname="parallelBrowser.GropusTest"/>
  <testcase name="test100" time="0.001" classname="parallelBrowser.GropusTest"/>
  <testcase name="test1" time="0.001" classname="parallelBrowser.GropusTest"/>
</testsuite> <!-- Testfor groups -->
