<?xml version="1.0" encoding="UTF-8"?>
<testng-results skipped="0" failed="0" ignored="0" total="1" passed="1">
  <reporter-output>
  </reporter-output>
  <suite name="Default suite" duration-ms="12913" started-at="2020-01-22T11:51:27Z" finished-at="2020-01-22T11:51:40Z">
    <groups>
    </groups>
    <test name="Default test" duration-ms="12913" started-at="2020-01-22T11:51:27Z" finished-at="2020-01-22T11:51:40Z">
      <class name="TestOnMainApp.LoginSanity">
        <test-method status="PASS" signature="setUp()[pri:0, instance:TestOnMainApp.LoginSanity@291ae]" name="setUp" is-config="true" duration-ms="3848" started-at="2020-01-22T17:21:27Z" finished-at="2020-01-22T17:21:30Z">
          <reporter-output>
          </reporter-output>
        </test-method> <!-- setUp -->
        <test-method status="PASS" signature="testUntitledTestCase()[pri:0, instance:TestOnMainApp.LoginSanity@291ae]" name="testUntitledTestCase" duration-ms="8216" started-at="2020-01-22T17:21:30Z" finished-at="2020-01-22T17:21:39Z">
          <reporter-output>
          </reporter-output>
        </test-method> <!-- testUntitledTestCase -->
        <test-method status="PASS" signature="tearDown()[pri:0, instance:TestOnMainApp.LoginSanity@291ae]" name="tearDown" is-config="true" duration-ms="835" started-at="2020-01-22T17:21:39Z" finished-at="2020-01-22T17:21:40Z">
          <reporter-output>
          </reporter-output>
        </test-method> <!-- tearDown -->
      </class> <!-- TestOnMainApp.LoginSanity -->
    </test> <!-- Default test -->
  </suite> <!-- Default suite -->
</testng-results>
